<?xml version="1.0" encoding="UTF-8"?>
<!-- Generated by org.testng.reporters.JUnitReportReporter -->
<testsuite hostname="SYAM-DS0F3D813" name="testCases.ExecuteTestModified" tests="1" failures="0" timestamp="10 May 2018 10:00:05 GMT" time="31.026" errors="0">
  <testcase name="testLogin" time="31.026" classname="testCases.ExecuteTestModified"/>
</testsuite> <!-- testCases.ExecuteTestModified -->
